build/app/intermediates/manifest_merge_blame_file/release/manifest-merger-blame-release-report.txt
1<?xml version="1.0" encoding="utf-8"?>
2<manifest xmlns:android="http://schemas.android.com/apk/res/android"
3    package="com.example.techfinix"
4    android:versionCode="1"
5    android:versionName="1.0.0" >
6
7    <uses-sdk
8        android:minSdkVersion="19"
8-->src\main\AndroidManifest.xml
9        android:targetSdkVersion="33" />
9-->src\main\AndroidManifest.xml
10
11    <uses-permission android:name="android.permission.INTERNET" />
11-->src\main\AndroidManifest.xml:2:1-62
11-->src\main\AndroidManifest.xml:2:18-60
12
13    <queries>
13-->[:flutter_inappwebview] AndroidManifest.xml:9:5-13:15
14        <intent>
14-->[:flutter_inappwebview] AndroidManifest.xml:10:9-12:18
15            <action android:name="android.support.customtabs.action.CustomTabsService" />
15-->[:flutter_inappwebview] AndroidManifest.xml:11:13-90
15-->[:flutter_inappwebview] AndroidManifest.xml:11:21-87
16        </intent>
17        <intent>
17-->[:file_picker] AndroidManifest.xml:12:9-16:18
18            <action android:name="android.intent.action.GET_CONTENT" />
18-->[:file_picker] AndroidManifest.xml:13:13-72
18-->[:file_picker] AndroidManifest.xml:13:21-69
19
20            <data android:mimeType="*/*" />
20-->[:file_picker] AndroidManifest.xml:15:13-44
20-->[:file_picker] AndroidManifest.xml:15:19-41
21        </intent>
22    </queries>
23
24    <uses-permission android:name="android.permission.READ_EXTERNAL_STORAGE" />
24-->[:file_picker] AndroidManifest.xml:9:5-80
24-->[:file_picker] AndroidManifest.xml:9:22-77
25
26    <permission
26-->[androidx.core:core:1.10.1] AndroidManifest.xml:22:5-24:47
27        android:name="com.example.techfinix.DYNAMIC_RECEIVER_NOT_EXPORTED_PERMISSION"
27-->[androidx.core:core:1.10.1] AndroidManifest.xml:23:9-81
28        android:protectionLevel="signature" />
28-->[androidx.core:core:1.10.1] AndroidManifest.xml:24:9-44
29
30    <uses-permission android:name="com.example.techfinix.DYNAMIC_RECEIVER_NOT_EXPORTED_PERMISSION" />
30-->[androidx.core:core:1.10.1] AndroidManifest.xml:26:5-97
30-->[androidx.core:core:1.10.1] AndroidManifest.xml:26:22-94
31
32    <application
33        android:name="android.app.Application"
33-->src\main\AndroidManifest.xml:5:9-42
34        android:appComponentFactory="androidx.core.app.CoreComponentFactory"
34-->[androidx.core:core:1.10.1] AndroidManifest.xml:28:18-86
35        android:icon="@mipmap/ic_launcher"
35-->src\main\AndroidManifest.xml:6:9-43
36        android:label="techfinix" >
36-->src\main\AndroidManifest.xml:4:9-34
37        <activity
37-->src\main\AndroidManifest.xml:7:9-27:20
38            android:name="com.example.techfinix.MainActivity"
38-->src\main\AndroidManifest.xml:8:13-41
39            android:configChanges="orientation|keyboardHidden|keyboard|screenSize|smallestScreenSize|locale|layoutDirection|fontScale|screenLayout|density|uiMode"
39-->src\main\AndroidManifest.xml:12:13-163
40            android:exported="true"
40-->src\main\AndroidManifest.xml:9:13-36
41            android:hardwareAccelerated="true"
41-->src\main\AndroidManifest.xml:13:13-47
42            android:launchMode="singleTop"
42-->src\main\AndroidManifest.xml:10:13-43
43            android:theme="@style/LaunchTheme"
43-->src\main\AndroidManifest.xml:11:13-47
44            android:windowSoftInputMode="adjustResize" >
44-->src\main\AndroidManifest.xml:14:13-55
45
46            <!--
47                 Specifies an Android theme to apply to this Activity as soon as
48                 the Android process has started. This theme is visible to the user
49                 while the Flutter UI initializes. After that, this theme continues
50                 to determine the Window background behind the Flutter UI.
51            -->
52            <meta-data
52-->src\main\AndroidManifest.xml:19:13-22:17
53                android:name="io.flutter.embedding.android.NormalTheme"
53-->src\main\AndroidManifest.xml:20:15-70
54                android:resource="@style/NormalTheme" />
54-->src\main\AndroidManifest.xml:21:15-52
55
56            <intent-filter>
56-->src\main\AndroidManifest.xml:23:13-26:29
57                <action android:name="android.intent.action.MAIN" />
57-->src\main\AndroidManifest.xml:24:17-68
57-->src\main\AndroidManifest.xml:24:25-66
58
59                <category android:name="android.intent.category.LAUNCHER" />
59-->src\main\AndroidManifest.xml:25:17-76
59-->src\main\AndroidManifest.xml:25:27-74
60            </intent-filter>
61        </activity>
62        <activity
62-->src\main\AndroidManifest.xml:28:9-31:71
63            android:name="com.yalantis.ucrop.UCropActivity"
63-->src\main\AndroidManifest.xml:29:13-60
64            android:screenOrientation="portrait"
64-->src\main\AndroidManifest.xml:30:13-49
65            android:theme="@style/Theme.AppCompat.Light.NoActionBar" />
65-->src\main\AndroidManifest.xml:31:13-69
66        <!--
67             Don't delete the meta-data below.
68             This is used by the Flutter tool to generate GeneratedPluginRegistrant.java
69        -->
70        <meta-data
70-->src\main\AndroidManifest.xml:34:9-36:33
71            android:name="flutterEmbedding"
71-->src\main\AndroidManifest.xml:35:13-44
72            android:value="2" />
72-->src\main\AndroidManifest.xml:36:13-30
73
74        <activity
74-->[:flutter_inappwebview] AndroidManifest.xml:16:9-20:47
75            android:name="com.pichillilorenzo.flutter_inappwebview.in_app_browser.InAppBrowserActivity"
75-->[:flutter_inappwebview] AndroidManifest.xml:17:13-104
76            android:configChanges="orientation|keyboardHidden|keyboard|screenSize|locale|layoutDirection|fontScale|screenLayout|density"
76-->[:flutter_inappwebview] AndroidManifest.xml:18:13-137
77            android:exported="false"
77-->[:flutter_inappwebview] AndroidManifest.xml:19:13-37
78            android:theme="@style/AppTheme" />
78-->[:flutter_inappwebview] AndroidManifest.xml:20:13-44
79        <activity
79-->[:flutter_inappwebview] AndroidManifest.xml:21:9-24:55
80            android:name="com.pichillilorenzo.flutter_inappwebview.chrome_custom_tabs.ChromeCustomTabsActivity"
80-->[:flutter_inappwebview] AndroidManifest.xml:22:13-112
81            android:exported="false"
81-->[:flutter_inappwebview] AndroidManifest.xml:23:13-37
82            android:theme="@style/ThemeTransparent" />
82-->[:flutter_inappwebview] AndroidManifest.xml:24:13-52
83        <activity
83-->[:flutter_inappwebview] AndroidManifest.xml:25:9-28:55
84            android:name="com.pichillilorenzo.flutter_inappwebview.chrome_custom_tabs.TrustedWebActivity"
84-->[:flutter_inappwebview] AndroidManifest.xml:26:13-106
85            android:exported="false"
85-->[:flutter_inappwebview] AndroidManifest.xml:27:13-37
86            android:theme="@style/ThemeTransparent" />
86-->[:flutter_inappwebview] AndroidManifest.xml:28:13-52
87        <activity
87-->[:flutter_inappwebview] AndroidManifest.xml:29:9-33:55
88            android:name="com.pichillilorenzo.flutter_inappwebview.chrome_custom_tabs.ChromeCustomTabsActivitySingleInstance"
88-->[:flutter_inappwebview] AndroidManifest.xml:30:13-126
89            android:exported="false"
89-->[:flutter_inappwebview] AndroidManifest.xml:31:13-37
90            android:launchMode="singleInstance"
90-->[:flutter_inappwebview] AndroidManifest.xml:32:13-48
91            android:theme="@style/ThemeTransparent" />
91-->[:flutter_inappwebview] AndroidManifest.xml:33:13-52
92        <activity
92-->[:flutter_inappwebview] AndroidManifest.xml:34:9-38:55
93            android:name="com.pichillilorenzo.flutter_inappwebview.chrome_custom_tabs.TrustedWebActivitySingleInstance"
93-->[:flutter_inappwebview] AndroidManifest.xml:35:13-120
94            android:exported="false"
94-->[:flutter_inappwebview] AndroidManifest.xml:36:13-37
95            android:launchMode="singleInstance"
95-->[:flutter_inappwebview] AndroidManifest.xml:37:13-48
96            android:theme="@style/ThemeTransparent" />
96-->[:flutter_inappwebview] AndroidManifest.xml:38:13-52
97
98        <receiver
98-->[:flutter_inappwebview] AndroidManifest.xml:40:9-43:40
99            android:name="com.pichillilorenzo.flutter_inappwebview.chrome_custom_tabs.ActionBroadcastReceiver"
99-->[:flutter_inappwebview] AndroidManifest.xml:41:13-111
100            android:enabled="true"
100-->[:flutter_inappwebview] AndroidManifest.xml:42:13-35
101            android:exported="false" />
101-->[:flutter_inappwebview] AndroidManifest.xml:43:13-37
102
103        <meta-data
103-->[:flutter_inappwebview] AndroidManifest.xml:45:9-47:36
104            android:name="io.flutter.embedded_views_preview"
104-->[:flutter_inappwebview] AndroidManifest.xml:46:13-61
105            android:value="true" />
105-->[:flutter_inappwebview] AndroidManifest.xml:47:13-33
106
107        <provider
107-->[:image_picker_android] AndroidManifest.xml:10:9-18:20
108            android:name="io.flutter.plugins.imagepicker.ImagePickerFileProvider"
108-->[:image_picker_android] AndroidManifest.xml:11:13-82
109            android:authorities="com.example.techfinix.flutter.image_provider"
109-->[:image_picker_android] AndroidManifest.xml:12:13-74
110            android:exported="false"
110-->[:image_picker_android] AndroidManifest.xml:13:13-37
111            android:grantUriPermissions="true" >
111-->[:image_picker_android] AndroidManifest.xml:14:13-47
112            <meta-data
112-->[:image_picker_android] AndroidManifest.xml:15:13-17:75
113                android:name="android.support.FILE_PROVIDER_PATHS"
113-->[:image_picker_android] AndroidManifest.xml:16:17-67
114                android:resource="@xml/flutter_image_picker_file_paths" />
114-->[:image_picker_android] AndroidManifest.xml:17:17-72
115        </provider>
116
117        <activity
117-->[com.google.android.gms:play-services-auth:20.4.0] AndroidManifest.xml:23:9-27:75
118            android:name="com.google.android.gms.auth.api.signin.internal.SignInHubActivity"
118-->[com.google.android.gms:play-services-auth:20.4.0] AndroidManifest.xml:24:13-93
119            android:excludeFromRecents="true"
119-->[com.google.android.gms:play-services-auth:20.4.0] AndroidManifest.xml:25:13-46
120            android:exported="false"
120-->[com.google.android.gms:play-services-auth:20.4.0] AndroidManifest.xml:26:13-37
121            android:theme="@android:style/Theme.Translucent.NoTitleBar" />
121-->[com.google.android.gms:play-services-auth:20.4.0] AndroidManifest.xml:27:13-72
122        <!--
123            Service handling Google Sign-In user revocation. For apps that do not integrate with
124            Google Sign-In, this service will never be started.
125        -->
126        <service
126-->[com.google.android.gms:play-services-auth:20.4.0] AndroidManifest.xml:33:9-37:51
127            android:name="com.google.android.gms.auth.api.signin.RevocationBoundService"
127-->[com.google.android.gms:play-services-auth:20.4.0] AndroidManifest.xml:34:13-89
128            android:exported="true"
128-->[com.google.android.gms:play-services-auth:20.4.0] AndroidManifest.xml:35:13-36
129            android:permission="com.google.android.gms.auth.api.signin.permission.REVOCATION_NOTIFICATION"
129-->[com.google.android.gms:play-services-auth:20.4.0] AndroidManifest.xml:36:13-107
130            android:visibleToInstantApps="true" />
130-->[com.google.android.gms:play-services-auth:20.4.0] AndroidManifest.xml:37:13-48
131
132        <activity
132-->[com.google.android.gms:play-services-base:18.0.1] AndroidManifest.xml:20:9-22:45
133            android:name="com.google.android.gms.common.api.GoogleApiActivity"
133-->[com.google.android.gms:play-services-base:18.0.1] AndroidManifest.xml:20:19-85
134            android:exported="false"
134-->[com.google.android.gms:play-services-base:18.0.1] AndroidManifest.xml:22:19-43
135            android:theme="@android:style/Theme.Translucent.NoTitleBar" />
135-->[com.google.android.gms:play-services-base:18.0.1] AndroidManifest.xml:21:19-78
136
137        <meta-data
137-->[com.google.android.gms:play-services-basement:18.1.0] AndroidManifest.xml:21:9-23:69
138            android:name="com.google.android.gms.version"
138-->[com.google.android.gms:play-services-basement:18.1.0] AndroidManifest.xml:22:13-58
139            android:value="@integer/google_play_services_version" />
139-->[com.google.android.gms:play-services-basement:18.1.0] AndroidManifest.xml:23:13-66
140
141        <provider
141-->[androidx.emoji2:emoji2:1.2.0] AndroidManifest.xml:24:9-32:20
142            android:name="androidx.startup.InitializationProvider"
142-->[androidx.emoji2:emoji2:1.2.0] AndroidManifest.xml:25:13-67
143            android:authorities="com.example.techfinix.androidx-startup"
143-->[androidx.emoji2:emoji2:1.2.0] AndroidManifest.xml:26:13-68
144            android:exported="false" >
144-->[androidx.emoji2:emoji2:1.2.0] AndroidManifest.xml:27:13-37
145            <meta-data
145-->[androidx.emoji2:emoji2:1.2.0] AndroidManifest.xml:29:13-31:52
146                android:name="androidx.emoji2.text.EmojiCompatInitializer"
146-->[androidx.emoji2:emoji2:1.2.0] AndroidManifest.xml:30:17-75
147                android:value="androidx.startup" />
147-->[androidx.emoji2:emoji2:1.2.0] AndroidManifest.xml:31:17-49
148            <meta-data
148-->[androidx.lifecycle:lifecycle-process:2.6.1] AndroidManifest.xml:29:13-31:52
149                android:name="androidx.lifecycle.ProcessLifecycleInitializer"
149-->[androidx.lifecycle:lifecycle-process:2.6.1] AndroidManifest.xml:30:17-78
150                android:value="androidx.startup" />
150-->[androidx.lifecycle:lifecycle-process:2.6.1] AndroidManifest.xml:31:17-49
151            <meta-data
151-->[androidx.profileinstaller:profileinstaller:1.3.0] AndroidManifest.xml:29:13-31:52
152                android:name="androidx.profileinstaller.ProfileInstallerInitializer"
152-->[androidx.profileinstaller:profileinstaller:1.3.0] AndroidManifest.xml:30:17-85
153                android:value="androidx.startup" />
153-->[androidx.profileinstaller:profileinstaller:1.3.0] AndroidManifest.xml:31:17-49
154        </provider>
155
156        <uses-library
156-->[androidx.window:window:1.0.0-beta04] AndroidManifest.xml:25:9-27:40
157            android:name="androidx.window.extensions"
157-->[androidx.window:window:1.0.0-beta04] AndroidManifest.xml:26:13-54
158            android:required="false" />
158-->[androidx.window:window:1.0.0-beta04] AndroidManifest.xml:27:13-37
159        <uses-library
159-->[androidx.window:window:1.0.0-beta04] AndroidManifest.xml:28:9-30:40
160            android:name="androidx.window.sidecar"
160-->[androidx.window:window:1.0.0-beta04] AndroidManifest.xml:29:13-51
161            android:required="false" />
161-->[androidx.window:window:1.0.0-beta04] AndroidManifest.xml:30:13-37
162
163        <receiver
163-->[androidx.profileinstaller:profileinstaller:1.3.0] AndroidManifest.xml:34:9-52:20
164            android:name="androidx.profileinstaller.ProfileInstallReceiver"
164-->[androidx.profileinstaller:profileinstaller:1.3.0] AndroidManifest.xml:35:13-76
165            android:directBootAware="false"
165-->[androidx.profileinstaller:profileinstaller:1.3.0] AndroidManifest.xml:36:13-44
166            android:enabled="true"
166-->[androidx.profileinstaller:profileinstaller:1.3.0] AndroidManifest.xml:37:13-35
167            android:exported="true"
167-->[androidx.profileinstaller:profileinstaller:1.3.0] AndroidManifest.xml:38:13-36
168            android:permission="android.permission.DUMP" >
168-->[androidx.profileinstaller:profileinstaller:1.3.0] AndroidManifest.xml:39:13-57
169            <intent-filter>
169-->[androidx.profileinstaller:profileinstaller:1.3.0] AndroidManifest.xml:40:13-42:29
170                <action android:name="androidx.profileinstaller.action.INSTALL_PROFILE" />
170-->[androidx.profileinstaller:profileinstaller:1.3.0] AndroidManifest.xml:41:17-91
170-->[androidx.profileinstaller:profileinstaller:1.3.0] AndroidManifest.xml:41:25-88
171            </intent-filter>
172            <intent-filter>
172-->[androidx.profileinstaller:profileinstaller:1.3.0] AndroidManifest.xml:43:13-45:29
173                <action android:name="androidx.profileinstaller.action.SKIP_FILE" />
173-->[androidx.profileinstaller:profileinstaller:1.3.0] AndroidManifest.xml:44:17-85
173-->[androidx.profileinstaller:profileinstaller:1.3.0] AndroidManifest.xml:44:25-82
174            </intent-filter>
175            <intent-filter>
175-->[androidx.profileinstaller:profileinstaller:1.3.0] AndroidManifest.xml:46:13-48:29
176                <action android:name="androidx.profileinstaller.action.SAVE_PROFILE" />
176-->[androidx.profileinstaller:profileinstaller:1.3.0] AndroidManifest.xml:47:17-88
176-->[androidx.profileinstaller:profileinstaller:1.3.0] AndroidManifest.xml:47:25-85
177            </intent-filter>
178            <intent-filter>
178-->[androidx.profileinstaller:profileinstaller:1.3.0] AndroidManifest.xml:49:13-51:29
179                <action android:name="androidx.profileinstaller.action.BENCHMARK_OPERATION" />
179-->[androidx.profileinstaller:profileinstaller:1.3.0] AndroidManifest.xml:50:17-95
179-->[androidx.profileinstaller:profileinstaller:1.3.0] AndroidManifest.xml:50:25-92
180            </intent-filter>
181        </receiver>
182    </application>
183
184</manifest>